app/build/intermediates/manifest_merge_blame_file/milDebug/manifest-merger-blame-mil-debug-report.txt
1<?xml version="1.0" encoding="utf-8"?>
2<manifest xmlns:android="http://schemas.android.com/apk/res/android"
3    package="com.atakmap.android.plugintemplate.plugin"
4    android:versionCode="1662620744"
5    android:versionName="4.5.1 (398f7282) - [4.5.1]" >
6
7    <uses-sdk
8        android:minSdkVersion="21"
8-->src\main\AndroidManifest.xml
9        android:targetSdkVersion="28" />
9-->[androidx.recyclerview:recyclerview:1.1.0] AndroidManifest.xml:22:9-38
10
11    <uses-permission android:name="android.permission.INTERNET" />
11-->src\main\AndroidManifest.xml:5:5-67
11-->src\main\AndroidManifest.xml:5:22-64
12    <uses-permission android:name="android.permission.ACCESS_NETWORK_STATE" />
12-->src\main\AndroidManifest.xml:6:5-79
12-->src\main\AndroidManifest.xml:6:22-76
13
14    <application
14-->src\main\AndroidManifest.xml:8:5-29:19
15        android:allowBackup="false"
15-->src\main\AndroidManifest.xml:10:9-36
16        android:debuggable="true"
17        android:description="@string/app_desc"
17-->src\main\AndroidManifest.xml:13:9-47
18        android:extractNativeLibs="true"
18-->src\main\AndroidManifest.xml:14:9-41
19        android:icon="@drawable/ic_launcher"
19-->src\main\AndroidManifest.xml:11:9-45
20        android:label="@string/radiostation"
20-->src\main\AndroidManifest.xml:12:9-45
21        android:testOnly="true"
22        android:theme="@style/AppTheme" >
22-->src\main\AndroidManifest.xml:15:9-40
23        <meta-data
24            android:name="plugin-api"
24-->src\main\AndroidManifest.xml:16:20-45
25            android:value="com.atakmap.app@4.5.1.CIV" />
25-->src\main\AndroidManifest.xml:16:46-79
26        <meta-data
26-->src\main\AndroidManifest.xml:17:9-78
27            android:name="app_desc"
27-->src\main\AndroidManifest.xml:17:20-43
28            android:value="@string/app_desc" />
28-->src\main\AndroidManifest.xml:17:44-76
29
30        <!-- allow for plugin discovery -->
31        <activity android:name="com.atakmap.app.component" >
31-->src\main\AndroidManifest.xml:21:8-26:19
31-->src\main\AndroidManifest.xml:21:18-58
32            <intent-filter android:label="@string/app_name" >
32-->src\main\AndroidManifest.xml:23:12-25:28
32-->src\main\AndroidManifest.xml:23:27-59
33                <action android:name="com.atakmap.app.component" />
33-->src\main\AndroidManifest.xml:24:15-66
33-->src\main\AndroidManifest.xml:24:23-63
34            </intent-filter>
35        </activity>
36    </application>
37
38</manifest>